03/12/2024 05:10:45 PM | Start Voting in Road: 737f4bb1-0ec1-4406-9f85-02d7ac0cebd6
03/12/2024 05:10:45 PM | Car 2ffd4bee-0180-4045-b8e3-6cd19c316e22 Voted: Maintain
03/12/2024 05:10:45 PM | Car 9374ecd5-9864-4797-adf5-af3dd1a93152 Voted: Change
03/12/2024 05:10:45 PM | Car 6435d2d7-afe4-4365-b05b-55e429e39155 Voted: Maintain
03/12/2024 05:10:45 PM | Voting Completed! - Result: Maintain Red Light
03/12/2024 05:11:24 PM | Start Voting in Road: 737f4bb1-0ec1-4406-9f85-02d7ac0cebd6
03/12/2024 05:11:24 PM | Car 60d738a0-6974-45e7-9f41-443f60a85c27 Voted: Maintain
03/12/2024 05:11:24 PM | Car 5f43a12f-9180-4b26-a171-5d4f49d6025a Voted: Maintain
03/12/2024 05:11:24 PM | Car 3adb36ac-42ce-4bd1-801d-aa5da8a46b9b Voted: Maintain
03/12/2024 05:11:24 PM | Voting Completed! - Result: Maintain Red Light
03/12/2024 05:12:04 PM | Start Voting in Road: 737f4bb1-0ec1-4406-9f85-02d7ac0cebd6
03/12/2024 05:12:04 PM | Car a44ae817-4443-4a12-8a35-692edf8bc460 Voted: Maintain
03/12/2024 05:12:04 PM | Car f3b60fd9-5a76-4935-a542-87c1d2a4497d Voted: Change
03/12/2024 05:12:04 PM | Car 8415fb80-c8b9-4e29-a7a8-9afd12c0e562 Voted: Maintain
03/12/2024 05:12:04 PM | Voting Completed! - Result: Maintain Red Light
03/12/2024 05:12:44 PM | Start Voting in Road: 737f4bb1-0ec1-4406-9f85-02d7ac0cebd6
03/12/2024 05:12:44 PM | Car 058a0454-7ee4-4ccb-b431-863280be48a4 Voted: Maintain
03/12/2024 05:12:44 PM | Car b347b464-a35c-4c50-8a15-e2a80ebf7df5 Voted: Maintain
03/12/2024 05:12:44 PM | Car 9d2bcd6f-03f1-4b1f-9531-4379cf54e4ab Voted: Change
03/12/2024 05:12:44 PM | Voting Completed! - Result: Maintain Red Light
03/12/2024 05:13:25 PM | Start Voting in Road: 737f4bb1-0ec1-4406-9f85-02d7ac0cebd6
03/12/2024 05:13:25 PM | Car 9924b2a4-5f5e-4294-9b14-91246ff5f910 Voted: Maintain
03/12/2024 05:13:25 PM | Car a283f8a9-b767-4967-97b0-4a6229d9f4b9 Voted: Maintain
03/12/2024 05:13:25 PM | Car 1ad82bd1-4215-4143-86c1-2dad12539d4a Voted: Maintain
03/12/2024 05:13:25 PM | Voting Completed! - Result: Maintain Red Light
03/12/2024 05:14:03 PM | Start Voting in Road: 737f4bb1-0ec1-4406-9f85-02d7ac0cebd6
03/12/2024 05:14:03 PM | Car 7865c82a-44af-4ee2-89e7-a16568323696 Voted: Maintain
03/12/2024 05:14:03 PM | Car 580fbec8-8609-476c-a2f0-caf49e1425c3 Voted: Change
03/12/2024 05:14:03 PM | Car b6e78968-88dc-4f99-bdee-65c899d222d1 Voted: Change
03/12/2024 05:14:03 PM | Voting Completed! - Result: Change to Green Light
03/12/2024 05:14:28 PM | Start Voting in Road: 737f4bb1-0ec1-4406-9f85-02d7ac0cebd6
03/12/2024 05:14:28 PM | Car 5fc288c3-1b56-4910-b534-127b097c981e Voted: Maintain
03/12/2024 05:14:28 PM | Car 4d9432e5-8aac-47ac-806b-f3dffc576cae Voted: Maintain
03/12/2024 05:14:28 PM | Car 7bfd45c6-f0ba-4390-bae6-a87417c23d42 Voted: Maintain
03/12/2024 05:14:28 PM | Voting Completed! - Result: Maintain Red Light
03/12/2024 05:15:09 PM | Start Voting in Road: 737f4bb1-0ec1-4406-9f85-02d7ac0cebd6
03/12/2024 05:15:09 PM | Car fcf4de2a-41da-42ff-b9a7-5bacd51e1cb3 Voted: Maintain
03/12/2024 05:15:09 PM | Car 1394bf39-7ea0-4142-8482-22854db74878 Voted: Maintain
03/12/2024 05:15:09 PM | Car e6b57631-0b72-4f50-8747-7568ef329fc3 Voted: Change
03/12/2024 05:15:09 PM | Voting Completed! - Result: Maintain Red Light
03/12/2024 05:15:50 PM | Start Voting in Road: 737f4bb1-0ec1-4406-9f85-02d7ac0cebd6
03/12/2024 05:15:50 PM | Car 62c92e08-f7bb-4f30-9da4-9da132768e4e Voted: Maintain
03/12/2024 05:15:50 PM | Car 6871bdb1-cf7d-403b-a6a6-4fa39b431d80 Voted: Change
03/12/2024 05:15:50 PM | Car 7a454fff-7ff9-4a55-a400-9211e113bc7a Voted: Maintain
03/12/2024 05:15:50 PM | Voting Completed! - Result: Maintain Red Light
03/12/2024 05:16:28 PM | Start Voting in Road: 737f4bb1-0ec1-4406-9f85-02d7ac0cebd6
03/12/2024 05:16:28 PM | Car f160de5c-7fe6-416a-99fa-86bec8c8449a Voted: Change
03/12/2024 05:16:28 PM | Car 426857f0-dae8-418a-a7a8-1a981191f8e0 Voted: Change
03/12/2024 05:16:28 PM | Car b1b1d725-19e7-4a5c-8cf1-7987d594d804 Voted: Change
03/12/2024 05:16:28 PM | Voting Completed! - Result: Change to Green Light
03/12/2024 05:16:55 PM | Start Voting in Road: 737f4bb1-0ec1-4406-9f85-02d7ac0cebd6
03/12/2024 05:16:55 PM | Car b1d753fc-f870-434f-97ff-96342456972e Voted: Maintain
03/12/2024 05:16:55 PM | Car 3547567c-30f1-4705-b423-db3524f4112d Voted: Change
03/12/2024 05:16:55 PM | Car aad244cf-fce5-47ac-a7fe-ab79406618f4 Voted: Maintain
03/12/2024 05:16:55 PM | Voting Completed! - Result: Maintain Red Light
03/12/2024 05:17:34 PM | Start Voting in Road: 737f4bb1-0ec1-4406-9f85-02d7ac0cebd6
03/12/2024 05:17:34 PM | Car 711a10a5-c837-4cc7-88e4-77fb8f4c45f6 Voted: Change
03/12/2024 05:17:34 PM | Car 5df21a38-4f15-4bc7-8cd1-8a415ebc2521 Voted: Change
03/12/2024 05:17:34 PM | Car 289f6d43-e5f6-436c-a1e7-ae15c74001c8 Voted: Change
03/12/2024 05:17:34 PM | Voting Completed! - Result: Change to Green Light
03/12/2024 05:18:00 PM | Start Voting in Road: 737f4bb1-0ec1-4406-9f85-02d7ac0cebd6
03/12/2024 05:18:00 PM | Car 230df15e-7c05-49b1-91d4-f1fb3f0beae6 Voted: Maintain
03/12/2024 05:18:00 PM | Car 05de633d-a375-458a-bc5c-216d991c5ad6 Voted: Maintain
03/12/2024 05:18:00 PM | Car 0d77c408-0826-454f-b28f-827a2bb33190 Voted: Change
03/12/2024 05:18:00 PM | Voting Completed! - Result: Maintain Red Light
03/12/2024 05:26:17 PM | Start Voting in Road: 991a22b2-59f1-4a5c-bb7f-d529cecefe1c
03/12/2024 05:26:17 PM | Car b8a0efd2-98c3-42cf-b9b7-a569716aab14 Voted: Change
03/12/2024 05:26:17 PM | Car 555ecadd-3923-4bbe-8cf3-d8ae2bbb19ff Voted: Change
03/12/2024 05:26:17 PM | Car d0bc91cb-5c44-4eae-a85a-b76ecd5eec67 Voted: Maintain
03/12/2024 05:26:17 PM | Voting Completed! - Result: Change to Green Light
03/12/2024 05:26:56 PM | Start Voting in Road: 5603250c-322c-4170-a571-adddf07a912a
03/12/2024 05:26:56 PM | Car 3b818a5c-6626-4de3-a0a8-2ff0bba5b826 Voted: Maintain
03/12/2024 05:26:56 PM | Car 5645d76c-8b35-4d43-aac7-ab0589295f28 Voted: Change
03/12/2024 05:26:56 PM | Car 09a6988e-1d8f-4559-bb09-6a1ecee72809 Voted: Change
03/12/2024 05:26:56 PM | Voting Completed! - Result: Change to Green Light
03/12/2024 05:27:21 PM | Start Voting in Road: 5603250c-322c-4170-a571-adddf07a912a
03/12/2024 05:27:21 PM | Car dd28a73d-db70-4c7f-9e6f-5655615f001e Voted: Maintain
03/12/2024 05:27:21 PM | Car bcf9583b-3eb2-4942-afaf-78ade3bafdb6 Voted: Maintain
03/12/2024 05:27:21 PM | Car cd499dab-bcea-46f0-9225-dc0415d7e254 Voted: Change
03/12/2024 05:27:21 PM | Voting Completed! - Result: Maintain Red Light
03/12/2024 05:28:02 PM | Start Voting in Road: 5603250c-322c-4170-a571-adddf07a912a
03/12/2024 05:28:02 PM | Car 95d75bcf-d24e-4014-93e7-4d93d1c04867 Voted: Change
03/12/2024 05:28:02 PM | Car 54f6c21e-7d4b-4105-870d-f7a12cb7cbaa Voted: Maintain
03/12/2024 05:28:02 PM | Car 8ddb8634-5772-4e5e-a15b-979c0c07bb45 Voted: Change
03/12/2024 05:28:02 PM | Voting Completed! - Result: Change to Green Light
03/12/2024 05:28:28 PM | Start Voting in Road: 5603250c-322c-4170-a571-adddf07a912a
03/12/2024 05:28:28 PM | Car f2e26c7d-1144-4115-a2a4-62aba5d32262 Voted: Maintain
03/12/2024 05:28:28 PM | Car 44590a9b-0b88-4fac-8300-b9091b9210d5 Voted: Maintain
03/12/2024 05:28:28 PM | Car 596bf32c-ec56-4eb6-86da-1749d491fa01 Voted: Change
03/12/2024 05:28:28 PM | Voting Completed! - Result: Maintain Red Light
03/12/2024 05:29:07 PM | Start Voting in Road: 5603250c-322c-4170-a571-adddf07a912a
03/12/2024 05:29:07 PM | Car 33a301f0-d6d7-4013-9e78-06c56a6e6bda Voted: Maintain
03/12/2024 05:29:07 PM | Car a156eae2-6aab-4106-af8a-d8b4813cb796 Voted: Change
03/12/2024 05:29:07 PM | Car f60ced8d-846b-486d-90b5-f64b8bd5f3a4 Voted: Change
03/12/2024 05:29:07 PM | Voting Completed! - Result: Change to Green Light
03/12/2024 05:29:32 PM | Start Voting in Road: 5603250c-322c-4170-a571-adddf07a912a
03/12/2024 05:29:32 PM | Car c8045361-93c7-46e6-b573-eebd85f6541e Voted: Change
03/12/2024 05:29:32 PM | Car e806f61e-afe0-4035-9a32-c12a0f0d7003 Voted: Maintain
03/12/2024 05:29:32 PM | Car 5bb4a09a-784b-4b73-819d-f4ac432f936c Voted: Maintain
03/12/2024 05:29:32 PM | Voting Completed! - Result: Maintain Red Light
03/12/2024 05:30:12 PM | Start Voting in Road: 5603250c-322c-4170-a571-adddf07a912a
03/12/2024 05:30:12 PM | Car 87ca802a-7e86-413e-bd51-42222edfa1e5 Voted: Maintain
03/12/2024 05:30:12 PM | Car 12f8b144-64d6-4f5d-9216-4327144c6cd9 Voted: Change
03/12/2024 05:30:12 PM | Car ee24e624-2c31-49f2-bb8c-aa843dc0bcd2 Voted: Maintain
03/12/2024 05:30:12 PM | Voting Completed! - Result: Maintain Red Light
03/12/2024 05:30:52 PM | Start Voting in Road: 5603250c-322c-4170-a571-adddf07a912a
03/12/2024 05:30:52 PM | Car f694f448-d431-4161-ae5f-477a0b35ec0c Voted: Maintain
03/12/2024 05:30:52 PM | Car b984f322-ff04-41ad-9c6b-109f5c6b644d Voted: Change
03/12/2024 05:30:52 PM | Car fecc5495-151b-48b1-860b-370df059e51a Voted: Maintain
03/12/2024 05:30:52 PM | Voting Completed! - Result: Maintain Red Light
03/12/2024 05:31:33 PM | Start Voting in Road: 5603250c-322c-4170-a571-adddf07a912a
03/12/2024 05:31:33 PM | Car 10978b8b-9a08-418d-b031-401a87a6c6a9 Voted: Change
03/12/2024 05:31:33 PM | Car 95e29358-8a6f-4885-9355-60b55ac4a06a Voted: Change
03/12/2024 05:31:33 PM | Car b160e906-7bf7-4192-a9cc-d1edb465aaa7 Voted: Maintain
03/12/2024 05:31:33 PM | Voting Completed! - Result: Change to Green Light
03/12/2024 05:32:00 PM | Start Voting in Road: 5603250c-322c-4170-a571-adddf07a912a
03/12/2024 05:32:00 PM | Car 6cc599c5-bb32-4b16-ab57-b9a7d59926f5 Voted: Maintain
03/12/2024 05:32:00 PM | Car 73ddbd9a-95b4-46a5-8295-c141d274a5fe Voted: Change
03/12/2024 05:32:00 PM | Car fb0b14ee-95bf-47d3-84d8-b7da9bdaf537 Voted: Change
03/12/2024 05:32:00 PM | Voting Completed! - Result: Change to Green Light
03/12/2024 05:32:25 PM | Start Voting in Road: 5603250c-322c-4170-a571-adddf07a912a
03/12/2024 05:32:25 PM | Car 0fa22098-8802-47f2-95e6-c2459c38b877 Voted: Maintain
03/12/2024 05:32:25 PM | Car f117ace2-649c-493b-99e3-7fcc81dc338b Voted: Change
03/12/2024 05:32:25 PM | Car 2a83b7fb-9c88-441b-8b0a-b5c0959caa87 Voted: Change
03/12/2024 05:32:25 PM | Voting Completed! - Result: Change to Green Light
03/12/2024 05:32:51 PM | Start Voting in Road: 5603250c-322c-4170-a571-adddf07a912a
03/12/2024 05:32:51 PM | Car ba1a32d4-c441-4366-b958-31022ad22c75 Voted: Maintain
03/12/2024 05:32:51 PM | Car 9e6a5488-19c4-4537-b954-07966ebd37da Voted: Change
03/12/2024 05:32:51 PM | Car 1ea580c2-3ab6-4c06-9fe6-d89c4cb74be0 Voted: Maintain
03/12/2024 05:32:51 PM | Voting Completed! - Result: Maintain Red Light
03/12/2024 05:33:31 PM | Start Voting in Road: 5603250c-322c-4170-a571-adddf07a912a
03/12/2024 05:33:31 PM | Car ed2392e3-5e8c-4e8b-b529-f5cea1053296 Voted: Change
03/12/2024 05:33:31 PM | Car 6da41304-818f-40a3-b7c4-a70c9e82e5f2 Voted: Change
03/12/2024 05:33:31 PM | Car e7ba2533-e67a-452d-aa3b-858384b89b4c Voted: Maintain
03/12/2024 05:33:31 PM | Voting Completed! - Result: Change to Green Light
03/12/2024 05:33:58 PM | Start Voting in Road: 5603250c-322c-4170-a571-adddf07a912a
03/12/2024 05:33:58 PM | Car a885a194-4208-456d-9c15-ab135a7aea6a Voted: Change
03/12/2024 05:33:58 PM | Car 450324f4-d259-453c-9bc1-5fc06b7d19d0 Voted: Maintain
03/12/2024 05:33:58 PM | Car f8c7c4cc-588b-4305-bac6-855704c30292 Voted: Maintain
03/12/2024 05:33:58 PM | Voting Completed! - Result: Maintain Red Light
03/12/2024 05:34:37 PM | Start Voting in Road: 5603250c-322c-4170-a571-adddf07a912a
03/12/2024 05:34:37 PM | Car 0c0a4979-2598-40af-9ff3-331219b61fd8 Voted: Maintain
03/12/2024 05:34:37 PM | Car 55c9d339-e031-4662-a5e0-0266111858ed Voted: Maintain
03/12/2024 05:34:37 PM | Car d6e5bfd1-091b-4344-ac85-3978ba50cf6e Voted: Change
03/12/2024 05:34:37 PM | Voting Completed! - Result: Maintain Red Light
03/12/2024 05:35:15 PM | Start Voting in Road: 5603250c-322c-4170-a571-adddf07a912a
03/12/2024 05:35:15 PM | Car a9fa7b08-00d0-40b7-8f4f-bbb4efec1200 Voted: Change
03/12/2024 05:35:15 PM | Car 42988f6b-aaa1-462e-ad94-660042e8c166 Voted: Maintain
03/12/2024 05:35:15 PM | Car d23ed191-b45b-45d1-b725-bf3f17802f3f Voted: Change
03/12/2024 05:35:15 PM | Voting Completed! - Result: Change to Green Light
03/12/2024 05:35:40 PM | Start Voting in Road: 5603250c-322c-4170-a571-adddf07a912a
03/12/2024 05:35:40 PM | Car 24d2213a-fb78-4273-b29e-3bc0e3476a80 Voted: Maintain
03/12/2024 05:35:40 PM | Car ae3e662a-2615-4eec-99c0-36a69d133429 Voted: Maintain
03/12/2024 05:35:40 PM | Car bf21c779-d341-4dec-8b3f-18e6a19d83c2 Voted: Maintain
03/12/2024 05:35:40 PM | Voting Completed! - Result: Maintain Red Light
03/12/2024 05:36:21 PM | Start Voting in Road: 5603250c-322c-4170-a571-adddf07a912a
03/12/2024 05:36:21 PM | Car 554d22ba-e704-4f0a-a2b8-db67665471f6 Voted: Change
03/12/2024 05:36:21 PM | Car 0cfca777-71ba-4445-bc5f-4928955e7912 Voted: Maintain
03/12/2024 05:36:21 PM | Car 7723c7bd-4d5b-4070-ac10-240643588921 Voted: Change
03/12/2024 05:36:21 PM | Voting Completed! - Result: Change to Green Light
03/12/2024 05:37:59 PM | Start Voting in Road: d3dc1a10-9df4-46b5-84ff-21695d4dd6ba
03/12/2024 05:37:59 PM | Car eb4d5180-e108-4af7-bd37-48437d7081ea Voted: Change
03/12/2024 05:37:59 PM | Car ef5d3b94-af29-42c7-8e01-ae790dddb0b0 Voted: Change
03/12/2024 05:37:59 PM | Car bf6cf122-f99c-4c10-9d94-a441a707efaa Voted: Maintain
03/12/2024 05:37:59 PM | Voting Completed! - Result: Change to Green Light
03/12/2024 05:38:14 PM | Start Voting in Road: d3dc1a10-9df4-46b5-84ff-21695d4dd6ba
03/12/2024 05:38:14 PM | Car f966b95e-7501-4170-897d-b7333a442985 Voted: Maintain
03/12/2024 05:38:14 PM | Car da4398d3-6294-4866-8f40-045c86b2daf8 Voted: Change
03/12/2024 05:38:14 PM | Car 8c1b197e-2f17-4dbe-9915-4f92753cdeee Voted: Change
03/12/2024 05:38:14 PM | Voting Completed! - Result: Change to Green Light
03/12/2024 05:38:29 PM | Start Voting in Road: d3dc1a10-9df4-46b5-84ff-21695d4dd6ba
03/12/2024 05:38:29 PM | Car d3b40c99-4703-4a64-8917-c534f68ebcd1 Voted: Maintain
03/12/2024 05:38:29 PM | Car 94c45e8a-aa83-4a7f-89d4-386be5a4a91b Voted: Change
03/12/2024 05:38:29 PM | Car 3e6351ed-6fae-4be2-a790-81f7dd808edb Voted: Change
03/12/2024 05:38:29 PM | Voting Completed! - Result: Change to Green Light
03/12/2024 06:33:44 PM | Start Voting in Road: ee9e6d77-a879-46e6-8702-a471efdb0bdf
03/12/2024 06:33:44 PM | Car 16ae298a-aed8-4d7b-baee-5dd428429118 Voted: Maintain
03/12/2024 06:33:44 PM | Car 7a145d0f-9684-4b3f-887c-c0a7884cd605 Voted: Maintain
03/12/2024 06:33:44 PM | Car 50f2ba51-bffd-4411-8d5b-ade91cf3b7a3 Voted: Maintain
03/12/2024 06:33:44 PM | Voting Completed! - Result: Maintain Red Light
03/12/2024 06:39:28 PM | Start Voting in Road: 36db9840-a658-4c41-b20e-46cf60d6f2da
03/12/2024 06:39:28 PM | Car a07ac3c2-254d-48ed-a0c9-d5d4e26bdbc1 Voted: Maintain
03/12/2024 06:39:28 PM | Car 4c7aa0df-5721-4166-a7b5-da834a9eed5b Voted: Change
03/12/2024 06:39:28 PM | Car 220f5ba0-f6c5-413d-ba1e-563ca95b074a Voted: Change
03/12/2024 06:39:28 PM | Voting Completed! - Result: Change to Green Light
03/12/2024 07:36:51 PM | Start Voting in Road: afd3a499-80ff-4b9a-8481-adfd3fb707e5
03/12/2024 07:36:51 PM | Car 273b7a3e-aa7e-4af6-a62f-be351ac062d8 Voted: Maintain
03/12/2024 07:36:51 PM | Car aea3473e-5475-441c-b04d-c5ba4dd55eee Voted: Maintain
03/12/2024 07:36:51 PM | Car 98fc27f6-a767-484b-88e9-8364249b1d16 Voted: Change
03/12/2024 07:36:51 PM | Voting Completed! - Result: Maintain Red Light
03/12/2024 07:48:56 PM | Start Voting in Road: ddb11a78-ceba-4e5d-8a04-febfc9c65157
03/12/2024 07:48:56 PM | Car b6a4512e-0c79-4615-99b7-a450694dcc47 Voted: Maintain
03/12/2024 07:48:56 PM | Car 5269e9d8-eeef-41e9-af2a-e96bb0b04d05 Voted: Maintain
03/12/2024 07:48:56 PM | Car d266b24f-1e3b-49fc-9df8-dec0034a7e3b Voted: Maintain
03/12/2024 07:48:56 PM | Voting Completed! - Result: Maintain Red Light
03/12/2024 07:53:35 PM | Start Voting in Road: 939f62e7-da57-47ee-8535-ad74318407e9
03/12/2024 07:53:35 PM | Car 1c326064-3bd0-4e61-bcba-8e9e4e8bbeb2 Voted: Change
03/12/2024 07:53:35 PM | Car ece9b92d-8293-4570-a0fb-8a93241d608f Voted: Change
03/12/2024 07:53:35 PM | Car 1beaa8e5-f2cf-4d4d-9fde-7fcfca1ce93f Voted: Maintain
03/12/2024 07:53:35 PM | Voting Completed! - Result: Change to Green Light
03/12/2024 07:54:08 PM | Start Voting in Road: 4f907ef9-bfe8-41ed-ba51-782e77dfacd5
03/12/2024 07:54:08 PM | Car 24a2a090-4f1f-45dd-a078-9a50716c425a Voted: Maintain
03/12/2024 07:54:08 PM | Car 156c0fad-ddb4-45f5-8b0f-a2882e501bb6 Voted: Maintain
03/12/2024 07:54:08 PM | Car aeb93a48-5aff-468f-b7fa-b106d34a8dba Voted: Maintain
03/12/2024 07:54:08 PM | Voting Completed! - Result: Maintain Red Light
03/12/2024 08:12:35 PM | Start Voting in Road: f7af3237-5685-44be-9a1e-6f0d7feb56c8
03/12/2024 08:12:35 PM | Car 416634df-909f-484f-84c6-37fe2914bd1d Voted: Change
03/12/2024 08:12:35 PM | Car 6a66eae9-2d21-40af-b03b-acee7d623057 Voted: Maintain
03/12/2024 08:12:35 PM | Car 503e965d-5d62-40c4-a423-567fdfbf5b5d Voted: Maintain
03/12/2024 08:12:35 PM | Voting Completed! - Result: Maintain Red Light
03/12/2024 08:24:06 PM | Start Voting in Road: c9508769-e518-4226-bff3-764668a0821d
03/12/2024 08:24:06 PM | Car 13de11dc-b9f9-4f72-bc2b-d5007e9928fd Voted: Change
03/12/2024 08:24:06 PM | Car 24cbd593-4a1e-41ef-8a64-5aa508e3172b Voted: Change
03/12/2024 08:24:06 PM | Car a99efd91-e924-4511-9915-790c9b94b938 Voted: Change
03/12/2024 08:24:06 PM | Voting Completed! - Result: Change to Green Light
03/12/2024 08:26:36 PM | Start Voting in Road: 5c48c721-ac77-48a5-ba3b-e43452fcb210
03/12/2024 08:26:36 PM | Car 905ffe14-4fa4-49a6-b65f-60ab51a52b34 Voted: Change
03/12/2024 08:26:36 PM | Car 7b03bda2-6efb-459c-91e0-7ab9dd1c1ce3 Voted: Maintain
03/12/2024 08:26:36 PM | Car 91ad66a9-3f5d-4740-9a65-e832d08019f2 Voted: Change
03/12/2024 08:26:36 PM | Voting Completed! - Result: Change to Green Light
03/12/2024 08:31:36 PM | Start Voting in Road: 4a6ffbb1-ade0-42b6-b198-c7992f1b6925
03/12/2024 08:31:36 PM | Car 3b26ba17-461e-442e-9a5c-fe95ffe87436 Voted: Change
03/12/2024 08:31:36 PM | Car 1a84a18e-1695-4795-969e-48cc2eeeb966 Voted: Change
03/12/2024 08:31:36 PM | Car ffb7f9fe-5aaa-45df-91be-7319cd4eef58 Voted: Maintain
03/12/2024 08:31:36 PM | Voting Completed! - Result: Change to Green Light
03/12/2024 08:42:03 PM | Start Voting in Road: 91f409b8-9060-4c78-bc1c-e9605e00ccb7
03/12/2024 08:42:03 PM | Car fc416f83-8d35-4c73-b8ef-337050f1000d Voted: Maintain
03/12/2024 08:42:03 PM | Car ad915f7c-b157-4833-a389-0044155c4998 Voted: Maintain
03/12/2024 08:42:03 PM | Car dbd0df7e-7007-44ac-88e4-1cbd3fa2a6d8 Voted: Maintain
03/12/2024 08:42:03 PM | Voting Completed! - Result: Maintain Red Light
03/12/2024 08:42:19 PM | Start Voting in Road: 91f409b8-9060-4c78-bc1c-e9605e00ccb7
03/12/2024 08:42:19 PM | Car 1e22661a-3abd-44fd-a98b-1589bf66d582 Voted: Change
03/12/2024 08:42:19 PM | Car 02f2e632-dd7d-47f7-8fc2-76c403f3d234 Voted: Maintain
03/12/2024 08:42:19 PM | Car be0a716b-22f1-42a8-a6a3-9a5e2706f856 Voted: Maintain
03/12/2024 08:42:19 PM | Voting Completed! - Result: Maintain Red Light
03/12/2024 08:42:53 PM | Start Voting in Road: 9947346f-8956-4eb4-b12e-087698c31b0a
03/12/2024 08:42:53 PM | Car 200b1934-4afe-4386-bf37-b13454e2152c Voted: Maintain
03/12/2024 08:42:53 PM | Car ccb20005-9e13-46b2-b92c-cef176979522 Voted: Maintain
03/12/2024 08:42:53 PM | Car a698aa5c-22ae-4de8-ae45-7e8f70a750b1 Voted: Maintain
03/12/2024 08:42:53 PM | Voting Completed! - Result: Maintain Red Light
03/12/2024 08:43:52 PM | Start Voting in Road: b0172c53-32cb-4730-b183-0304413c8c61
03/12/2024 08:43:52 PM | Car c0a421c7-5945-4a76-a795-9c40c4705507 Voted: Maintain
03/12/2024 08:43:52 PM | Car 7d01302d-1ad3-4f8f-9073-be43f9adc823 Voted: Change
03/12/2024 08:43:52 PM | Car 6c75299e-538c-486a-92ce-acb58c4a2479 Voted: Change
03/12/2024 08:43:52 PM | Voting Completed! - Result: Change to Green Light
03/12/2024 08:45:37 PM | Start Voting in Road: fd5b0ec6-8d3b-47dd-995c-b34ce2c5994a
03/12/2024 08:45:37 PM | Car 88a0eb42-0772-4bd2-bae8-9be6fb9a7110 Voted: Maintain
03/12/2024 08:45:37 PM | Car f3816fab-d048-43f1-927e-73e1837f810c Voted: Maintain
03/12/2024 08:45:37 PM | Car 303b5dcd-c776-43b8-9019-1a0a016401e8 Voted: Change
03/12/2024 08:45:37 PM | Voting Completed! - Result: Maintain Red Light
03/12/2024 08:52:24 PM | Start Voting in Road: 28e4f669-5aa1-41e0-ac93-bdbfc4b48061
03/12/2024 08:52:24 PM | Car 51e14442-5aaf-4f61-a8c6-03d96b4d76cf Voted: Maintain
03/12/2024 08:52:24 PM | Car 24f60fa0-82ef-4502-8036-980e096465f4 Voted: Maintain
03/12/2024 08:52:24 PM | Car ab766920-8e30-4b72-8af2-d120f7ed4bad Voted: Maintain
03/12/2024 08:52:24 PM | Voting Completed! - Result: Maintain Red Light
03/12/2024 08:53:19 PM | Start Voting in Road: 922c4363-27ac-4144-8977-b241944eabf5
03/12/2024 08:53:19 PM | Car 94e53298-9d84-413d-924f-d5f3d7cf1c71 Voted: Change
03/12/2024 08:53:19 PM | Car f9072244-499a-470f-b3a4-03c022b93413 Voted: Change
03/12/2024 08:53:19 PM | Car dd5e8abd-ec26-44a4-a7e6-a0c29e96cbda Voted: Change
03/12/2024 08:53:19 PM | Voting Completed! - Result: Change to Green Light
03/12/2024 08:53:33 PM | Start Voting in Road: 922c4363-27ac-4144-8977-b241944eabf5
03/12/2024 08:53:33 PM | Car ccbb3ca6-24d3-4f4c-bf5a-75d08893b4e1 Voted: Maintain
03/12/2024 08:53:33 PM | Car 5366adf5-ec58-46c3-8110-0519480bdf7c Voted: Change
03/12/2024 08:53:33 PM | Car 7509ea72-d956-4147-be87-8b642dfbfe8e Voted: Maintain
03/12/2024 08:53:33 PM | Voting Completed! - Result: Maintain Red Light
03/12/2024 08:56:44 PM | Start Voting in Road: 65392999-b13d-4162-9d7d-893778148c61
03/12/2024 08:56:44 PM | Car cf9224fc-54fa-4202-86cf-870b5b1c45c9 Voted: Maintain
03/12/2024 08:56:44 PM | Car 7ce159ed-87b3-4aef-a257-179e9b8fffe4 Voted: Maintain
03/12/2024 08:56:44 PM | Car 03e528a1-a863-495d-9c3a-1baeafcccc4d Voted: Change
03/12/2024 08:56:44 PM | Voting Completed! - Result: Maintain Red Light
03/12/2024 09:07:03 PM | Start Voting in Road: 88e77338-1944-4ba9-b416-ccc0205dc672
03/12/2024 09:07:03 PM | Car 823d55ad-098f-4117-94e8-100072e57554 Voted: Change
03/12/2024 09:07:03 PM | Car 5be21505-66b0-465d-a8aa-04fedd075c49 Voted: Maintain
03/12/2024 09:07:03 PM | Car a422dba4-2646-400d-9036-ca96638f4d8c Voted: Maintain
03/12/2024 09:07:03 PM | Voting Completed! - Result: Maintain Red Light
03/12/2024 09:10:12 PM | Start Voting in Road: 022be1f2-b2f6-403d-b7fe-01ccba382b58
03/12/2024 09:10:12 PM | Car f9d25357-07b3-42a4-a206-2461177f7151 Voted: Maintain
03/12/2024 09:10:12 PM | Car 1b552d9f-b04b-44fa-a8bf-99a1f250763d Voted: Change
03/12/2024 09:10:12 PM | Car 9a1d1bee-85d3-434d-88da-0cd49a897464 Voted: Maintain
03/12/2024 09:10:12 PM | Voting Completed! - Result: Maintain Red Light
03/12/2024 09:11:03 PM | Start Voting in Road: f8b07c8a-6305-4300-aa3d-00e3abee6486
03/12/2024 09:11:03 PM | Car f47a40b9-53be-4f32-ab37-7e351548a50a Voted: Change
03/12/2024 09:11:03 PM | Car 56974cb9-5c04-4a1d-9617-d65c2b2a6d0f Voted: Change
03/12/2024 09:11:03 PM | Car bb0ece06-cc72-4496-8bfa-bf210226f6cc Voted: Change
03/12/2024 09:11:03 PM | Voting Completed! - Result: Change to Green Light
03/12/2024 09:11:45 PM | Start Voting in Road: da2e0de3-3987-465d-bad5-dedacbd3d12e
03/12/2024 09:11:45 PM | Car 87608af2-a9e1-4dfc-9a9f-ccce67d5cc5c Voted: Change
03/12/2024 09:11:45 PM | Car d4c8c826-dd42-4f8e-b8e3-4df081a73ece Voted: Maintain
03/12/2024 09:11:45 PM | Car d9bbbcde-4f42-4c73-b752-4683b92d0c5f Voted: Maintain
03/12/2024 09:11:45 PM | Voting Completed! - Result: Maintain Red Light
03/12/2024 09:12:00 PM | Start Voting in Road: da2e0de3-3987-465d-bad5-dedacbd3d12e
03/12/2024 09:12:00 PM | Car f1bf8d3d-0412-45c4-b8d2-d24177a5813d Voted: Maintain
03/12/2024 09:12:00 PM | Car 881d086a-e039-4ae1-9430-38c4e05255d8 Voted: Maintain
03/12/2024 09:12:00 PM | Car 48485c7d-3bdd-4652-b14a-fbd636195cd7 Voted: Maintain
03/12/2024 09:12:00 PM | Voting Completed! - Result: Maintain Red Light
03/12/2024 09:12:19 PM | Start Voting in Road: da2e0de3-3987-465d-bad5-dedacbd3d12e
03/12/2024 09:12:19 PM | Car e9dcaedb-ade5-4086-a2b8-f5b527343e06 Voted: Maintain
03/12/2024 09:12:19 PM | Car d74a10f0-4156-426d-a06c-91cacd65c10a Voted: Change
03/12/2024 09:12:19 PM | Car e5fb5496-414c-4a0b-a41f-38ffba5ac9bb Voted: Maintain
03/12/2024 09:12:19 PM | Voting Completed! - Result: Maintain Red Light
03/12/2024 09:13:15 PM | Start Voting in Road: f1a8b072-87c7-431c-acab-050ce4bcd5c0
03/12/2024 09:13:15 PM | Car 82b76b86-df47-4f39-8f23-bc09dfa727bf Voted: Change
03/12/2024 09:13:15 PM | Car 6e940def-ce6c-4330-93cb-141e4d042637 Voted: Change
03/12/2024 09:13:15 PM | Car 6dc5c50a-bb58-4b6a-9544-30276db4a76d Voted: Change
03/12/2024 09:13:15 PM | Voting Completed! - Result: Change to Green Light
03/12/2024 09:18:29 PM | Start Voting in Road: 4070d52c-7e70-4235-9dba-2a20bd02b09d
03/12/2024 09:18:29 PM | Car 81b82d99-d123-47f6-ba60-257b1bc09149 Voted: Maintain
03/12/2024 09:18:29 PM | Car 623ad87c-767b-4171-8f1e-517aed31a71b Voted: Change
03/12/2024 09:18:29 PM | Car 686e425b-d0f8-44d2-9537-e90de5320cab Voted: Maintain
03/12/2024 09:18:29 PM | Voting Completed! - Result: Maintain Red Light
03/12/2024 09:34:20 PM | Start Voting in Road: 17cbbdad-614b-4464-a2fc-8858fdd274f5
03/12/2024 09:34:20 PM | Car 3bbb5aa5-6615-402e-ae84-175887ac2f59 Voted: Change
03/12/2024 09:34:20 PM | Car d0fdbaf4-3a6f-471e-9025-7a7774176810 Voted: Maintain
03/12/2024 09:34:20 PM | Car c3a6e37e-a032-47f9-ba48-934c602ddf77 Voted: Maintain
03/12/2024 09:34:20 PM | Voting Completed! - Result: Maintain Red Light
03/12/2024 09:40:57 PM | Start Voting in Road: 06867032-3c9a-4e5d-a2f2-a476120daad1
03/12/2024 09:40:57 PM | Car a53c4f50-4249-44ee-ad92-21c30b0b87ca Voted: Maintain
03/12/2024 09:40:57 PM | Car b0525124-56e5-4c14-a548-ce495fb276ca Voted: Maintain
03/12/2024 09:40:57 PM | Car ea8f42b1-dc96-4601-8edb-48d2e4afa562 Voted: Maintain
03/12/2024 09:40:57 PM | Voting Completed! - Result: Maintain Red Light
03/12/2024 09:43:16 PM | Start Voting in Road: 92154d4f-ae8e-46de-a979-e29407e3080f
03/12/2024 09:43:16 PM | Car 86721eed-2daa-4f62-b5da-67da50980438 Voted: Maintain
03/12/2024 09:43:16 PM | Car 7ffdcfa8-b134-4b31-acb8-bdf6a8ae01d6 Voted: Maintain
03/12/2024 09:43:16 PM | Car 1bd7ba02-ec6b-4b09-9d45-f497b491e17f Voted: Change
03/12/2024 09:43:16 PM | Voting Completed! - Result: Maintain Red Light
03/12/2024 09:43:31 PM | Start Voting in Road: 92154d4f-ae8e-46de-a979-e29407e3080f
03/12/2024 09:43:31 PM | Car 93028fab-6ea5-46e3-8cb5-202fca1e828e Voted: Maintain
03/12/2024 09:43:31 PM | Car 5e1259ee-eac6-4c72-bc80-bf32f6fee7a8 Voted: Change
03/12/2024 09:43:31 PM | Car c1c46376-d3bb-4b45-b7ee-5057b629a3ab Voted: Maintain
03/12/2024 09:43:31 PM | Voting Completed! - Result: Maintain Red Light
03/12/2024 09:43:52 PM | Start Voting in Road: 92154d4f-ae8e-46de-a979-e29407e3080f
03/12/2024 09:43:52 PM | Car fbec60bb-dde3-4956-b786-d407ae9588b1 Voted: Change
03/12/2024 09:43:52 PM | Car b41274bb-613f-4f4e-8778-c7496e809708 Voted: Change
03/12/2024 09:43:52 PM | Car 07200081-4131-45f2-838a-3a0f425d2bdd Voted: Change
03/12/2024 09:43:52 PM | Voting Completed! - Result: Change to Green Light
03/12/2024 09:44:06 PM | Start Voting in Road: 92154d4f-ae8e-46de-a979-e29407e3080f
03/12/2024 09:44:06 PM | Car 7ad999d9-3a34-4681-8af8-0fb570a39712 Voted: Maintain
03/12/2024 09:44:06 PM | Car ed65ce31-77d6-413f-8170-2c2a9fdc5446 Voted: Change
03/12/2024 09:44:06 PM | Car e4ae12a0-42a2-4dba-9a0c-c8b25cdf701a Voted: Change
03/12/2024 09:44:06 PM | Voting Completed! - Result: Change to Green Light
03/12/2024 09:44:19 PM | Start Voting in Road: 92154d4f-ae8e-46de-a979-e29407e3080f
03/12/2024 09:44:19 PM | Car dadafc98-ff20-41e8-8c44-1481c76adcb5 Voted: Maintain
03/12/2024 09:44:19 PM | Car 51a5723c-f25b-41f2-9703-6955d3c78d5e Voted: Change
03/12/2024 09:44:19 PM | Car b1c90ca8-03bd-4684-b5c4-24e9846a653c Voted: Maintain
03/12/2024 09:44:19 PM | Voting Completed! - Result: Maintain Red Light
03/12/2024 09:44:40 PM | Start Voting in Road: 92154d4f-ae8e-46de-a979-e29407e3080f
03/12/2024 09:44:40 PM | Car b66cee7d-f7eb-4dd1-874c-2a75804e9b51 Voted: Change
03/12/2024 09:44:40 PM | Car ad7ef6e3-7abe-45e0-a28b-3150fbc6673c Voted: Change
03/12/2024 09:44:40 PM | Car 87f5b6c8-f4cb-420c-8489-0e24c00c1565 Voted: Change
03/12/2024 09:44:40 PM | Voting Completed! - Result: Change to Green Light
03/12/2024 09:44:54 PM | Start Voting in Road: 92154d4f-ae8e-46de-a979-e29407e3080f
03/12/2024 09:44:54 PM | Car b92124a2-1f93-476c-9ef6-f104ce7af116 Voted: Change
03/12/2024 09:44:54 PM | Car 927e2dac-af2d-46f9-817a-932dae421bb0 Voted: Change
03/12/2024 09:44:54 PM | Car 8bdf6a4a-0fb8-49b6-a1f5-993de2a3986e Voted: Maintain
03/12/2024 09:44:54 PM | Voting Completed! - Result: Change to Green Light
03/12/2024 09:45:07 PM | Start Voting in Road: 92154d4f-ae8e-46de-a979-e29407e3080f
03/12/2024 09:45:07 PM | Car a30c9f7c-bcee-47fa-9ace-598406871bfc Voted: Maintain
03/12/2024 09:45:07 PM | Car 7ac652e5-2b06-40db-9c53-220325d5d148 Voted: Maintain
03/12/2024 09:45:07 PM | Car 4ecef571-1bed-460c-9b71-141c0261067d Voted: Maintain
03/12/2024 09:45:07 PM | Voting Completed! - Result: Maintain Red Light
03/12/2024 09:48:05 PM | Start Voting in Road: 2d3b4c0d-6840-4bca-8d49-e23afc483b2f
03/12/2024 09:48:05 PM | Car 2e466a98-1bbb-450e-b869-c4b2a6af800f Voted: Change
03/12/2024 09:48:05 PM | Car 162d67d8-958a-407d-9309-65e7e768d3b1 Voted: Maintain
03/12/2024 09:48:05 PM | Car 611ff40a-c4cc-4dc7-bc01-2261d17512ba Voted: Change
03/12/2024 09:48:05 PM | Voting Completed! - Result: Change to Green Light
03/12/2024 09:50:46 PM | Start Voting in Road: c1f669da-1686-4c5e-a2fa-42618b1d046a
03/12/2024 09:50:46 PM | Car 117df6f2-023a-47a3-857e-d7043ad8cf69 Voted: Change
03/12/2024 09:50:46 PM | Car 0d22f32e-c709-4ae1-9272-474128b456ef Voted: Maintain
03/12/2024 09:50:46 PM | Car 2da81e76-c45f-422a-b7b8-ffdd2eda0c32 Voted: Maintain
03/12/2024 09:50:46 PM | Voting Completed! - Result: Maintain Red Light
03/12/2024 09:52:27 PM | Start Voting in Road: 6d9e041a-17e8-40fe-ab25-1891b1ebd715
03/12/2024 09:52:27 PM | Car af5dccfa-30b8-4506-a422-abc4864a2b95 Voted: Change
03/12/2024 09:52:27 PM | Car 5434424f-9c24-40cd-8966-529ea8d262a8 Voted: Maintain
03/12/2024 09:52:27 PM | Car dde1f2c8-70c2-4c63-abd4-de0b0cfda311 Voted: Change
03/12/2024 09:52:27 PM | Voting Completed! - Result: Change to Green Light
03/12/2024 10:41:20 PM | Start Voting in Road: 87df4df8-5ba3-4a07-a687-45c026ba800c
03/12/2024 10:41:20 PM | Car 2f946300-3359-43bb-ae39-33666fbf8cb3 Voted: Maintain
03/12/2024 10:41:20 PM | Car 19e4de49-2c06-4634-a974-557d650370e9 Voted: Change
03/12/2024 10:41:20 PM | Car 2b2b8824-a577-40e3-b24d-4cfe688011cf Voted: Change
03/12/2024 10:41:20 PM | Voting Completed! - Result: Change to Green Light
03/12/2024 10:41:35 PM | Start Voting in Road: 87df4df8-5ba3-4a07-a687-45c026ba800c
03/12/2024 10:41:35 PM | Car addd1524-a3d0-40da-8b8e-cf1ac27cfc9e Voted: Change
03/12/2024 10:41:35 PM | Car d1a0c3b5-0a3a-4ce8-b424-92df841c4073 Voted: Change
03/12/2024 10:41:35 PM | Car 9730e500-14fe-467a-bb31-0e0760a36038 Voted: Change
03/12/2024 10:41:35 PM | Voting Completed! - Result: Change to Green Light
03/12/2024 10:41:48 PM | Start Voting in Road: 87df4df8-5ba3-4a07-a687-45c026ba800c
03/12/2024 10:41:48 PM | Car 0099a9bb-4c77-4926-abd8-28125ab2d015 Voted: Change
03/12/2024 10:41:48 PM | Car 8701a66b-26df-44b3-83d7-818a30c37a27 Voted: Maintain
03/12/2024 10:41:48 PM | Car e79fe559-4d5f-4289-93c8-4c034fd602fb Voted: Change
03/12/2024 10:41:48 PM | Voting Completed! - Result: Change to Green Light
03/12/2024 10:42:02 PM | Start Voting in Road: 87df4df8-5ba3-4a07-a687-45c026ba800c
03/12/2024 10:42:02 PM | Car 1e269ea6-64a5-4733-bf14-2782eb4b6ca9 Voted: Maintain
03/12/2024 10:42:02 PM | Car 70c77655-4a51-4387-882b-ddc395470934 Voted: Change
03/12/2024 10:42:02 PM | Car 70498274-2bc7-41ae-8252-18284a878430 Voted: Change
03/12/2024 10:42:02 PM | Voting Completed! - Result: Change to Green Light
03/12/2024 10:42:16 PM | Start Voting in Road: 87df4df8-5ba3-4a07-a687-45c026ba800c
03/12/2024 10:42:16 PM | Car 52a9baa6-4b7f-4ab4-80e9-c0f3f032e110 Voted: Change
03/12/2024 10:42:16 PM | Car d19dadf7-70e4-454d-b559-db17d9c3543e Voted: Maintain
03/12/2024 10:42:16 PM | Car 05f39b6a-c210-4618-a4d5-613d63adfbce Voted: Change
03/12/2024 10:42:16 PM | Voting Completed! - Result: Change to Green Light
03/12/2024 10:42:28 PM | Start Voting in Road: 87df4df8-5ba3-4a07-a687-45c026ba800c
03/12/2024 10:42:28 PM | Car 2d9acb19-53bd-4dd9-98c3-0214b1264422 Voted: Change
03/12/2024 10:42:28 PM | Car 7312e960-edda-468e-a917-c8a464a67ec9 Voted: Maintain
03/12/2024 10:42:28 PM | Car d79829c0-ecf2-4887-b931-6b0f21997fc5 Voted: Change
03/12/2024 10:42:28 PM | Voting Completed! - Result: Change to Green Light
03/12/2024 10:46:38 PM | Start Voting in Road: 197bdf3c-2ca6-4ede-b3ac-1279c52659c2
03/12/2024 10:46:38 PM | Car 703c4feb-0c63-41d1-be05-14a630a8f3a4 Voted: Maintain
03/12/2024 10:46:38 PM | Car 39a184df-3428-48a4-a604-1099173b1dc2 Voted: Maintain
03/12/2024 10:46:38 PM | Car 5b755973-7f8d-4e22-974b-ec24dee90ac1 Voted: Change
03/12/2024 10:46:38 PM | Voting Completed! - Result: Maintain Red Light
03/12/2024 11:06:32 PM | Start Voting in Road: c6c35040-e3fa-448c-b275-1725b85d1ba9
03/12/2024 11:06:32 PM | Car 5536dc6f-b714-4790-b275-35b1d668b129 Voted: Change
03/12/2024 11:06:32 PM | Car 638b91bc-3849-4258-ae03-4fd19323998c Voted: Maintain
03/12/2024 11:06:32 PM | Car 7d55e193-b1c5-437f-a60f-59ec236178d4 Voted: Maintain
03/12/2024 11:06:32 PM | Voting Completed! - Result: Maintain Red Light
03/12/2024 11:06:48 PM | Start Voting in Road: c6c35040-e3fa-448c-b275-1725b85d1ba9
03/12/2024 11:06:48 PM | Car 77da51d8-a4ad-4720-a312-30e76f9f2e1e Voted: Maintain
03/12/2024 11:06:48 PM | Car d678f18c-2e6e-4d12-bfba-cd5485d0d54d Voted: Maintain
03/12/2024 11:06:48 PM | Car 8ffce4ef-1490-4304-9e1d-67ce460feedf Voted: Change
03/12/2024 11:06:48 PM | Voting Completed! - Result: Maintain Red Light
03/12/2024 11:07:08 PM | Start Voting in Road: c6c35040-e3fa-448c-b275-1725b85d1ba9
03/12/2024 11:07:08 PM | Car 37de9209-76de-437f-bda7-ea52680c86f9 Voted: Change
03/12/2024 11:07:08 PM | Car d0dbaf18-ab54-405e-9033-8c5f927f4a6f Voted: Maintain
03/12/2024 11:07:08 PM | Car 71fa8d86-a734-47d9-b2fb-02fa5f948f0b Voted: Maintain
03/12/2024 11:07:08 PM | Voting Completed! - Result: Maintain Red Light
03/12/2024 11:09:19 PM | Start Voting in Road: 9c7542fa-0001-4a68-8071-7e1d086910c1
03/12/2024 11:09:19 PM | Car 1b2b2d2e-c4c1-42d7-a7b0-e616150baeb3 Voted: Maintain
03/12/2024 11:09:19 PM | Car a1c5407e-2555-4f5a-bc3d-ea93dab9b48f Voted: Maintain
03/12/2024 11:09:19 PM | Car 79fc7a37-1aef-41c4-bd82-bd1176375c17 Voted: Maintain
03/12/2024 11:09:19 PM | Voting Completed! - Result: Maintain Red Light
03/12/2024 11:09:55 PM | Start Voting in Road: 2230d4d8-5c47-4306-b6e5-5632b68b9c76
03/12/2024 11:09:55 PM | Car e6b95ac5-6f32-4a8b-826f-45eeb92a074b Voted: Change
03/12/2024 11:09:55 PM | Car c348e262-81b6-4ada-9cf0-215b7a24b9e3 Voted: Maintain
03/12/2024 11:09:55 PM | Car 6e395cbd-1239-4285-97c6-53882ff3af3c Voted: Maintain
03/12/2024 11:09:55 PM | Voting Completed! - Result: Maintain Red Light
03/12/2024 11:12:04 PM | Start Voting in Road: b6a2ff76-7add-4320-8ee7-70fab4cba695
03/12/2024 11:12:04 PM | Car 854f84b0-4d50-4420-9796-24d8ddc96b7e Voted: Maintain
03/12/2024 11:12:04 PM | Car 1af31950-ce89-47b6-8148-25e8d6baf6c5 Voted: Change
03/12/2024 11:12:04 PM | Car 8df004d1-4daf-40e0-b142-c860360e4546 Voted: Change
03/12/2024 11:12:04 PM | Voting Completed! - Result: Change to Green Light
03/12/2024 11:12:19 PM | Start Voting in Road: b6a2ff76-7add-4320-8ee7-70fab4cba695
03/12/2024 11:12:19 PM | Car 59ec886c-7826-42c7-9faa-6c34124b9ebd Voted: Maintain
03/12/2024 11:12:19 PM | Car 2ec8a1a6-3818-43bd-af19-28e72f81a466 Voted: Maintain
03/12/2024 11:12:19 PM | Car 5871fbc2-342a-4ed2-9043-4e45310c884d Voted: Change
03/12/2024 11:12:19 PM | Voting Completed! - Result: Maintain Red Light
03/12/2024 11:13:42 PM | Start Voting in Road: d2bed798-7dcf-444c-86f6-6e3a7fcc0a60
03/12/2024 11:13:42 PM | Car 19e47f91-09ff-42ad-9089-b1354b8ecd1a Voted: Maintain
03/12/2024 11:13:42 PM | Car a3ecd608-b5bc-4a51-b7f7-d685ddb88391 Voted: Maintain
03/12/2024 11:13:42 PM | Car 5545c037-33dd-42cf-b3ac-835cd112c0d8 Voted: Maintain
03/12/2024 11:13:42 PM | Voting Completed! - Result: Maintain Red Light
03/12/2024 11:14:00 PM | Start Voting in Road: d2bed798-7dcf-444c-86f6-6e3a7fcc0a60
03/12/2024 11:14:00 PM | Car 1ce3774b-a01c-4731-a69d-04ad6a6150b5 Voted: Change
03/12/2024 11:14:00 PM | Car 4e863be0-6337-4719-ac5e-71f895b48694 Voted: Change
03/12/2024 11:14:00 PM | Car 38119600-c631-4bca-ad39-f1d9dec9a346 Voted: Maintain
03/12/2024 11:14:00 PM | Voting Completed! - Result: Change to Green Light
03/12/2024 11:35:52 PM | Start Voting in Road: cc557b0d-a8b5-4113-9bab-7f23491cd114
03/12/2024 11:35:52 PM | Car 723e87fa-2ac6-4723-ab11-c04b4b4bc209 Voted: Change
03/12/2024 11:35:52 PM | Car 81ae9a76-e058-4f14-a85b-fa6d7254dafc Voted: Maintain
03/12/2024 11:35:52 PM | Car c864f5fe-bad7-4c46-aeb9-44c9738f1280 Voted: Change
03/12/2024 11:35:52 PM | Voting Completed! - Result: Change to Green Light
03/12/2024 11:36:40 PM | Start Voting in Road: 6b757eec-5030-4077-9fcb-cd54dd50d310
03/12/2024 11:36:40 PM | Car 50f237a1-7dbf-4967-b35d-7a803a5d360e Voted: Change
03/12/2024 11:36:40 PM | Car 95cb7554-7a71-446e-92fe-eacdb00d55d5 Voted: Maintain
03/12/2024 11:36:40 PM | Car 7adbd627-a288-4d6d-846a-e042b4eeb148 Voted: Change
03/12/2024 11:36:40 PM | Voting Completed! - Result: Change to Green Light
03/12/2024 11:42:42 PM | Start Voting in Road: 28faeff5-d3b6-4930-90a3-ab8d85c93de4
03/12/2024 11:42:42 PM | Car 075aa4aa-a3a9-43a9-899c-20715bff08df Voted: Maintain
03/12/2024 11:42:42 PM | Car c4c11125-2636-447a-a8ee-98058f34c2a1 Voted: Maintain
03/12/2024 11:42:42 PM | Car 3ec60adb-6cb4-4745-b529-b3ca9f2bd5ac Voted: Maintain
03/12/2024 11:42:42 PM | Voting Completed! - Result: Maintain Red Light
03/12/2024 11:58:51 PM | Start Voting in Road: 567a02d2-a21b-4c74-b210-ad37151c27a5
03/12/2024 11:58:51 PM | Car bf26f008-792a-409b-9da1-f62e8c2818f8 Voted: Maintain
03/12/2024 11:58:51 PM | Car f03e6f32-80c6-4f90-a287-c4ee08b78e65 Voted: Maintain
03/12/2024 11:58:51 PM | Car 4ca31225-ea9e-4aa3-8bf2-9b73f636a484 Voted: Maintain
03/12/2024 11:58:51 PM | Voting Completed! - Result: Maintain Red Light
03/13/2024 12:19:30 AM | Start Voting in Road: daef0fc1-e059-420f-a7b9-29621122ad65
03/13/2024 12:19:30 AM | Car 702c0a86-f1ab-48b3-b8a3-38188838ae6f Voted: Maintain
03/13/2024 12:19:30 AM | Car e69318fa-7aa0-4e60-9aca-1146cb2b1763 Voted: Maintain
03/13/2024 12:19:30 AM | Car 0da2319f-2487-4d3e-827c-537fe433f750 Voted: Change
03/13/2024 12:19:30 AM | Voting Completed! - Result: Maintain Red Light
03/13/2024 12:20:45 AM | Start Voting in Road: 0bd0622d-89b9-40b9-99ab-699a6b4b0acf
03/13/2024 12:20:45 AM | Car 6a930598-0635-4e9e-bbb8-2304c9d7c412 Voted: Maintain
03/13/2024 12:20:45 AM | Car 24e387d1-a3bc-485f-b2b0-6fd15a6392d8 Voted: Change
03/13/2024 12:20:45 AM | Car 3a339606-a6df-484b-a36b-043ef4256457 Voted: Maintain
03/13/2024 12:20:45 AM | Voting Completed! - Result: Maintain Red Light
